0 info it worked if it ends with ok
1 verbose cli [ '/home/gwen/SOFTS/nodejs/node-v4.4.5-linux-x64/bin/node',
1 verbose cli   '/home/gwen/SOFTS/nodejs/latest/lib/node_modules/npm/bin/npm-cli.js',
1 verbose cli   'run-script',
1 verbose cli   'start' ]
2 info using npm@3.9.3
3 info using node@v4.4.5
4 verbose run-script [ 'prestart', 'start', 'poststart' ]
5 info lifecycle Mirin@1.0.0~prestart: Mirin@1.0.0
6 silly lifecycle Mirin@1.0.0~prestart: no script for prestart, continuing
7 info lifecycle Mirin@1.0.0~start: Mirin@1.0.0
8 verbose lifecycle Mirin@1.0.0~start: unsafe-perm in lifecycle true
9 verbose lifecycle Mirin@1.0.0~start: PATH: /home/gwen/SOFTS/nodejs/node-v4.4.5-linux-x64/lib/node_modules/npm/bin/node-gyp-bin:/home/gwen/PROJETS/mirin/front/node_modules/.bin:/home/gwen/SOFTS/nodejs/node-v4.4.5-linux-x64/bin:/usr/local/bin:/usr/local/sbin:/usr/bin:/usr/sbin:/home/gwen/.local/bin:/home/gwen/bin:/usr/java/latest/bin:/home/gwen/SOFTS/apache-maven/latest/bin:/home/gwen/SOFTS/intellij/latest/bin:/home/gwen/SOFTS/nodejs/latest/bin:/home/gwen/SOFTS/go/bin
10 verbose lifecycle Mirin@1.0.0~start: CWD: /home/gwen/PROJETS/mirin/front
11 silly lifecycle Mirin@1.0.0~start: Args: [ '-c', 'tsc && concurrently "npm run tsc:w" "npm run lite" ' ]
12 silly lifecycle Mirin@1.0.0~start: Returned: code: 2  signal: null
13 info lifecycle Mirin@1.0.0~start: Failed to exec start script
14 verbose stack Error: Mirin@1.0.0 start: `tsc && concurrently "npm run tsc:w" "npm run lite" `
14 verbose stack Exit status 2
14 verbose stack     at EventEmitter.<anonymous> (/home/gwen/SOFTS/nodejs/node-v4.4.5-linux-x64/lib/node_modules/npm/lib/utils/lifecycle.js:245:16)
14 verbose stack     at emitTwo (events.js:87:13)
14 verbose stack     at EventEmitter.emit (events.js:172:7)
14 verbose stack     at ChildProcess.<anonymous> (/home/gwen/SOFTS/nodejs/node-v4.4.5-linux-x64/lib/node_modules/npm/lib/utils/spawn.js:24:14)
14 verbose stack     at emitTwo (events.js:87:13)
14 verbose stack     at ChildProcess.emit (events.js:172:7)
14 verbose stack     at maybeClose (internal/child_process.js:827:16)
14 verbose stack     at Process.ChildProcess._handle.onexit (internal/child_process.js:211:5)
15 verbose pkgid Mirin@1.0.0
16 verbose cwd /home/gwen/PROJETS/mirin/front
17 error Linux 4.6.6-300.fc24.x86_64
18 error argv "/home/gwen/SOFTS/nodejs/node-v4.4.5-linux-x64/bin/node" "/home/gwen/SOFTS/nodejs/latest/lib/node_modules/npm/bin/npm-cli.js" "run-script" "start"
19 error node v4.4.5
20 error npm  v3.9.3
21 error code ELIFECYCLE
22 error Mirin@1.0.0 start: `tsc && concurrently "npm run tsc:w" "npm run lite" `
22 error Exit status 2
23 error Failed at the Mirin@1.0.0 start script 'tsc && concurrently "npm run tsc:w" "npm run lite" '.
23 error Make sure you have the latest version of node.js and npm installed.
23 error If you do, this is most likely a problem with the Mirin package,
23 error not with npm itself.
23 error Tell the author that this fails on your system:
23 error     tsc && concurrently "npm run tsc:w" "npm run lite"
23 error You can get information on how to open an issue for this project with:
23 error     npm bugs Mirin
23 error Or if that isn't available, you can get their info via:
23 error     npm owner ls Mirin
23 error There is likely additional logging output above.
24 verbose exit [ 1, true ]
